0 info it worked if it ends with ok
1 verbose cli [ 'C:\\Program Files\\nodejs\\node.exe',
1 verbose cli   'C:\\Users\\fanfan\\AppData\\Roaming\\npm\\node_modules\\npm\\bin\\npm-cli.js',
1 verbose cli   'start' ]
2 info using npm@4.1.1
3 info using node@v10.15.3
4 verbose run-script [ 'prestart', 'start', 'poststart' ]
5 info lifecycle react-complete-guide@0.1.0~prestart: react-complete-guide@0.1.0
6 silly lifecycle react-complete-guide@0.1.0~prestart: no script for prestart, continuing
7 info lifecycle react-complete-guide@0.1.0~start: react-complete-guide@0.1.0
8 verbose lifecycle react-complete-guide@0.1.0~start: unsafe-perm in lifecycle true
9 verbose lifecycle react-complete-guide@0.1.0~start: PATH: C:\Users\fanfan\AppData\Roaming\npm\node_modules\npm\bin\node-gyp-bin;D:\React\burger project\node_modules\.bin;C:\ProgramData\Oracle\Java\javapath;C:\Program Files\Dell\DW WLAN Card;C:\Program Files (x86)\Intel\iCLS Client\;C:\Program Files\Intel\iCLS Client\;C:\WINDOWS\system32;C:\WINDOWS;C:\WINDOWS\System32\Wbem;C:\WINDOWS\System32\WindowsPowerShell\v1.0\;C:\Program Files (x86)\Intel\Intel(R) Management Engine Components\DAL;C:\Program Files\Intel\Intel(R) Management Engine Components\DAL;C:\Program Files (x86)\Intel\Intel(R) Management Engine Components\IPT;C:\Program Files\Intel\Intel(R) Management Engine Components\IPT;c:\Program Files\WIDCOMM\Bluetooth Software\;c:\Program Files\WIDCOMM\Bluetooth Software\syswow64;D:\Git\cmd;D:\Skype\Phone\;C:\WINDOWS\System32\OpenSSH\;C:\Program Files (x86)\Microsoft VS Code\bin;C:\Android;C:\Windows\System32;C:\Program Files\MySQL\MySQL Server 8.0\bin;C:\Program Files\nodejs\;C:\Users\fanfan\AppData\Roaming\npm;%USERPROFILE%\AppData\Local\Microsoft\WindowsApps;
10 verbose lifecycle react-complete-guide@0.1.0~start: CWD: D:\React\burger project
11 silly lifecycle react-complete-guide@0.1.0~start: Args: [ '/d /s /c', 'node scripts/start.js' ]
12 verbose stack Error: kill ENOSYS
12 verbose stack     at process.kill (internal/process/per_thread.js:198:13)
12 verbose stack     at process.listener (C:\Users\fanfan\AppData\Roaming\npm\node_modules\npm\node_modules\npmlog\node_modules\gauge\node_modules\signal-exit\index.js:95:15)
12 verbose stack     at process.emit (events.js:189:13)
13 verbose cwd D:\React\burger project\src
14 error Windows_NT 10.0.18362
15 error argv "C:\\Program Files\\nodejs\\node.exe" "C:\\Users\\fanfan\\AppData\\Roaming\\npm\\node_modules\\npm\\bin\\npm-cli.js" "start"
16 error node v10.15.3
17 error npm  v4.1.1
18 error code ENOSYS
19 error errno ENOSYS
20 error syscall kill
21 error kill ENOSYS
22 error If you need help, you may report this error at:
22 error     <https://github.com/npm/npm/issues>
23 verbose exit [ 1, true ]
